<?xml version="1.0" encoding="UTF-8"?>
<!-- Generated by org.testng.reporters.JUnitReportReporter -->
<testsuite skipped="0" hostname="INTEX-PC" name="practice.Checkboxes" tests="2" failures="0" timestamp="2022-05-08T23:57:47 IST" time="22.109" errors="0">
  <testcase name="checkedFirst2Days" time="11.956" classname="practice.Checkboxes"/>
  <system-out/>
  <testcase name="checkedLast2Days" time="10.153" classname="practice.Checkboxes"/>
  <system-out/>
</testsuite> <!-- practice.Checkboxes -->
