<?xml version="1.0" encoding="UTF-8"?>
<!-- Generated by org.testng.reporters.JUnitReportReporter -->
<testsuite skipped="0" hostname="INTEX-PC" name="practice.JQueryDropdown2" tests="2" failures="0" timestamp="2022-05-08T20:09:25 IST" time="47.725" errors="0">
  <testcase name="clickOnSkill1" time="24.986" classname="practice.JQueryDropdown2"/>
  <system-out/>
  <testcase name="clickOnSkill2" time="22.739" classname="practice.JQueryDropdown2"/>
  <system-out/>
</testsuite> <!-- practice.JQueryDropdown2 -->
