<?xml version="1.0" encoding="UTF-8"?>
<!-- Generated by org.testng.reporters.JUnitReportReporter -->
<testsuite skipped="0" hostname="INTEX-PC" name="practice.Dropdown1" tests="2" failures="0" timestamp="2022-05-07T21:10:58 IST" time="58.942" errors="0">
  <testcase name="clickOnSkill1" time="33.482" classname="practice.Dropdown1"/>
  <system-out/>
  <testcase name="clickOnSkill2" time="25.460" classname="practice.Dropdown1"/>
  <system-out/>
</testsuite> <!-- practice.Dropdown1 -->
