<?xml version="1.0" encoding="UTF-8"?>
<!-- Generated by org.testng.reporters.JUnitReportReporter -->
<testsuite skipped="0" hostname="INTEX-PC" name="dropdown.BootstrapDropdown" tests="2" failures="0" timestamp="2022-05-07T19:59:46 IST" time="95.650" errors="0">
  <testcase name="selectExamples1" time="49.285" classname="dropdown.BootstrapDropdown"/>
  <system-out/>
  <testcase name="selectExamples2" time="46.365" classname="dropdown.BootstrapDropdown"/>
  <system-out/>
</testsuite> <!-- dropdown.BootstrapDropdown -->
