<?xml version="1.0" encoding="UTF-8"?>
<!-- Generated by org.testng.reporters.JUnitReportReporter -->
<testsuite skipped="0" hostname="INTEX-PC" name="com.POI.WindowHandle" tests="1" failures="0" timestamp="2022-04-29T00:44:03 IST" time="10.849" errors="0">
  <testcase name="test01" time="10.849" classname="com.POI.WindowHandle"/>
  <system-out/>
</testsuite> <!-- com.POI.WindowHandle -->
