<?xml version="1.0" encoding="UTF-8"?>
<!-- Generated by org.testng.reporters.JUnitReportReporter -->
<testsuite skipped="0" hostname="INTEL-PC" name="com.POI.ReadExcel1" tests="1" failures="0" timestamp="2022-03-30T23:16:00 IST" time="12.666" errors="0">
  <testcase name="registerUser1" time="12.666" classname="com.POI.ReadExcel1"/>
  <system-out/>
</testsuite> <!-- com.POI.ReadExcel1 -->
