<?xml version="1.0" encoding="UTF-8"?>
<!-- Generated by org.testng.reporters.JUnitReportReporter -->
<testsuite skipped="0" hostname="INTEL-PC" name="com.POI.WriteExcel1" tests="1" failures="0" timestamp="2022-03-30T23:54:49 IST" time="8.706" errors="0">
  <testcase name="Login" time="8.706" classname="com.POI.WriteExcel1"/>
  <system-out/>
</testsuite> <!-- com.POI.WriteExcel1 -->
