<?xml version="1.0" encoding="UTF-8"?>
<!-- Generated by org.testng.reporters.JUnitReportReporter -->
<testsuite skipped="0" hostname="INTEX-PC" name="dropdown.Autosuggestion" tests="1" failures="0" timestamp="2022-05-08T20:05:47 IST" time="31.974" errors="0">
  <testcase name="selectFromAutoSuggestion" time="31.974" classname="dropdown.Autosuggestion"/>
  <system-out/>
</testsuite> <!-- dropdown.Autosuggestion -->
