<?xml version="1.0" encoding="UTF-8"?>
<!-- Generated by org.testng.reporters.JUnitReportReporter -->
<testsuite skipped="0" hostname="INTEX-PC" name="practice.AutoCompleteGooglePlaces" tests="1" failures="0" timestamp="2022-05-08T20:53:46 IST" time="41.477" errors="0">
  <testcase name="selectOption" time="41.477" classname="practice.AutoCompleteGooglePlaces"/>
  <system-out/>
</testsuite> <!-- practice.AutoCompleteGooglePlaces -->
