<?xml version="1.0" encoding="UTF-8"?>
<!-- Generated by org.testng.reporters.JUnitReportReporter -->
<testsuite skipped="0" hostname="INTEX-PC" name="checkBoxes.CheckBox1" tests="2" failures="0" timestamp="2022-05-07T18:38:53 IST" time="29.570" errors="0">
  <testcase name="clickOnCheckBox1" time="17.344" classname="checkBoxes.CheckBox1"/>
  <system-out/>
  <testcase name="clickOnCheckBox2" time="12.226" classname="checkBoxes.CheckBox1"/>
  <system-out/>
</testsuite> <!-- checkBoxes.CheckBox1 -->
