<?xml version="1.0" encoding="UTF-8"?>
<!-- Generated by org.testng.reporters.JUnitReportReporter -->
<testsuite skipped="0" hostname="INTEX-PC" name="practice.Autosuggestion" tests="1" failures="0" timestamp="2022-05-08T20:10:38 IST" time="28.405" errors="0">
  <testcase name="selectFromAutoSuggestion" time="28.405" classname="practice.Autosuggestion"/>
  <system-out/>
</testsuite> <!-- practice.Autosuggestion -->
