<?xml version="1.0" encoding="UTF-8"?>
<!-- Generated by org.testng.reporters.JUnitReportReporter -->
<testsuite skipped="0" hostname="INTEX-PC" name="practice.CheckDropdownSorted" tests="1" failures="0" timestamp="2022-05-07T21:42:57 IST" time="42.423" errors="0">
  <testcase name="clickOnSkill1" time="42.423" classname="practice.CheckDropdownSorted"/>
  <system-out/>
</testsuite> <!-- practice.CheckDropdownSorted -->
