<?xml version="1.0" encoding="UTF-8"?>
<!-- Generated by org.testng.reporters.JUnitReportReporter -->
<testsuite skipped="0" hostname="INTEX-PC" name="practice.Dropdown" tests="2" failures="0" timestamp="2022-05-07T18:46:15 IST" time="31.321" errors="0">
  <testcase name="clickOnCountry1" time="15.674" classname="practice.Dropdown"/>
  <system-out/>
  <testcase name="clickOnCountry2" time="15.647" classname="practice.Dropdown"/>
  <system-out/>
</testsuite> <!-- practice.Dropdown -->
