<?xml version="1.0" encoding="UTF-8"?>
<!-- Generated by org.testng.reporters.JUnitReportReporter -->
<testsuite skipped="0" hostname="INTEX-PC" name="radioButton.RadioButton2" tests="2" failures="0" timestamp="2022-05-04T01:07:14 IST" time="24.674" errors="0">
  <testcase name="clickOnRadio1" time="10.312" classname="radioButton.RadioButton2"/>
  <system-out/>
  <testcase name="clickOnRadio2" time="14.362" classname="radioButton.RadioButton2"/>
  <system-out/>
</testsuite> <!-- radioButton.RadioButton2 -->
