<?xml version="1.0" encoding="UTF-8"?>
<!-- Generated by org.testng.reporters.JUnitReportReporter -->
<testsuite skipped="0" hostname="INTEX-PC" name="task.MultipleDataEntry1" tests="2" failures="0" timestamp="2022-05-02T15:55:21 IST" time="48.233" errors="0">
  <testcase name="clickOnRadio1" time="22.101" classname="task.MultipleDataEntry1"/>
  <system-out/>
  <testcase name="clickOnRadio2" time="26.132" classname="task.MultipleDataEntry1"/>
  <system-out/>
</testsuite> <!-- task.MultipleDataEntry1 -->
