<?xml version="1.0" encoding="UTF-8"?>
<!-- Generated by org.testng.reporters.JUnitReportReporter -->
<testsuite skipped="0" hostname="INTEX-PC" name="dropdown.HandleDropdown2" tests="1" failures="0" timestamp="2022-05-04T00:54:22 IST" time="14.823" errors="0">
  <testcase name="selectExamples1" time="14.823" classname="dropdown.HandleDropdown2"/>
  <system-out/>
</testsuite> <!-- dropdown.HandleDropdown2 -->
