<?xml version="1.0" encoding="UTF-8"?>
<!-- Generated by org.testng.reporters.JUnitReportReporter -->
<testsuite skipped="0" hostname="INTEX-PC" name="com.POI.WindowHandle1" tests="1" failures="0" timestamp="2022-05-06T20:12:12 IST" time="29.517" errors="0">
  <testcase name="test01" time="29.517" classname="com.POI.WindowHandle1"/>
  <system-out/>
</testsuite> <!-- com.POI.WindowHandle1 -->
