<?xml version="1.0" encoding="UTF-8"?>
<!-- Generated by org.testng.reporters.JUnitReportReporter -->
<testsuite skipped="0" hostname="INTEX-PC" name="dropdown.HandleDropdown1" tests="2" failures="0" timestamp="2022-05-07T20:32:38 IST" time="44.354" errors="0">
  <testcase name="clickOnSkill2" time="23.849" classname="dropdown.HandleDropdown1"/>
  <system-out/>
  <testcase name="clickOnSkill1" time="20.505" classname="dropdown.HandleDropdown1"/>
  <system-out/>
</testsuite> <!-- dropdown.HandleDropdown1 -->
