<?xml version="1.0" encoding="UTF-8"?>
<!-- Generated by org.testng.reporters.JUnitReportReporter -->
<testsuite skipped="0" hostname="INTEX-PC" name="frame.FrameEx" tests="1" failures="0" timestamp="2022-04-26T11:54:16 IST" time="22.044" errors="0">
  <testcase name="test01" time="22.044" classname="frame.FrameEx"/>
  <system-out/>
</testsuite> <!-- frame.FrameEx -->
