<?xml version="1.0" encoding="UTF-8"?>
<!-- Generated by org.testng.reporters.JUnitReportReporter -->
<testsuite skipped="0" hostname="INTEL-PC" name="com.POI.WriteExcel" tests="1" failures="0" timestamp="2022-03-30T20:28:53 IST" time="1.322" errors="0">
  <testcase name="writeExcel" time="1.322" classname="com.POI.WriteExcel"/>
  <system-out/>
</testsuite> <!-- com.POI.WriteExcel -->
