<?xml version="1.0" encoding="UTF-8"?>
<!-- Generated by org.testng.reporters.JUnitReportReporter -->
<testsuite skipped="0" hostname="INTEL-PC" name="com.POI.ReadExcel" tests="1" failures="0" timestamp="2022-03-30T23:33:03 IST" time="6.292" errors="0">
  <testcase name="loginTest" time="6.292" classname="com.POI.ReadExcel"/>
  <system-out/>
</testsuite> <!-- com.POI.ReadExcel -->
